  BubbleSort.cpp
C:\Programming\Bubblesort\BubbleSort\BubbleSort.cpp(41,28): warning C4305: 'argument': truncation from 'double' to 'float'
C:\Programming\Bubblesort\BubbleSort\BubbleSort.cpp(45,12): warning C4244: 'argument': conversion from 'time_t' to 'unsigned int', possible loss of data
C:\Programming\Bubblesort\BubbleSort\BubbleSort.cpp(57,57): warning C4244: 'argument': conversion from 'int' to 'T', possible loss of data
          with
          [
              T=float
          ]
C:\Programming\Bubblesort\BubbleSort\BubbleSort.cpp(57,39): warning C4244: 'argument': conversion from 'int' to 'T', possible loss of data
          with
          [
              T=float
          ]
C:\Programming\Bubblesort\BubbleSort\BubbleSort.cpp(58,47): warning C4244: 'argument': conversion from 'int' to 'float', possible loss of data
C:\Programming\Bubblesort\BubbleSort\BubbleSort.cpp(58,21): warning C4244: 'argument': conversion from 'int' to 'float', possible loss of data
C:\Programming\Bubblesort\BubbleSort\BubbleSort.cpp(86,60): warning C4244: 'argument': conversion from 'int' to 'T', possible loss of data
          with
          [
              T=float
          ]
C:\Programming\Bubblesort\BubbleSort\BubbleSort.cpp(86,42): warning C4244: 'argument': conversion from 'int' to 'T', possible loss of data
          with
          [
              T=float
          ]
C:\Programming\Bubblesort\BubbleSort\BubbleSort.cpp(87,50): warning C4244: 'argument': conversion from 'int' to 'float', possible loss of data
C:\Programming\Bubblesort\BubbleSort\BubbleSort.cpp(87,24): warning C4244: 'argument': conversion from 'int' to 'float', possible loss of data
  Generating code
  1 of 101 functions ( 1.0%) were compiled, the rest were copied from previous compilation.
    0 functions were new in current compilation
    0 functions had inline decision re-evaluated but remain unchanged
  Finished generating code
  BubbleSort.vcxproj -> C:\Programming\Bubblesort\x64\Release\BubbleSort.exe
